#
# A fatal error has been detected by the Java Runtime Environment:
#
#  SIGBUS (0x7) at pc=0x00007f8dbeada1f1, pid=14262, tid=0x00007f8dbc710700
#
# JRE version: OpenJDK Runtime Environment (8.0_202) (build 1.8.0_202-release-1483-b49-5587405)
# Java VM: OpenJDK 64-Bit Server VM (25.202-b49-5587405 mixed mode linux-amd64 compressed oops)
# Problematic frame:
# C  [libc.so.6+0x841f1]
#
# Failed to write core dump. Core dumps have been disabled. To enable core dumping, try "ulimit -c unlimited" before starting Java again
#
# If you would like to submit a bug report, please visit:
#   http://bugreport.java.com/bugreport/crash.jsp
#

---------------  T H R E A D  ---------------

Current thread (0x00007f8db8020000):  GCTaskThread [stack: 0x00007f8dbc610000,0x00007f8dbc711000] [id=14266]

siginfo: si_signo: 7 (SIGBUS), si_code: 2 (BUS_ADRERR), si_addr: 0x00000000fcbe4ff0

Registers:
RAX=0x00000000fcaa2070, RBX=0x00000000e89d1c98, RCX=0x00000000e8b14bd8, RDX=0x0000000000142f50
RSP=0x00007f8dbc70fca8, RBP=0x00007f8dbc70fd10, RSI=0x00000000e89d1c98, RDI=0x00000000fcaa2070
R8 =0x0000000000000000, R9 =0x00000000fcbe4ff0, R10=0x00000000e9dd1ca8, R11=0x00000000fd4a2070
R12=0x0000000000140002, R13=0x0000000000000000, R14=0x00007f8db8075800, R15=0x00000000fcaa2070
RIP=0x00007f8dbeada1f1, EFLAGS=0x0000000000010206, CSGSFS=0x002b000000000033, ERR=0x0000000000000006
  TRAPNO=0x000000000000000e

Top of Stack: (sp=0x00007f8dbc70fca8)
0x00007f8dbc70fca8:   00007f8dbe5f880f 00007f8dbc70fd10
0x00007f8dbc70fcb8:   0000000000000009 0000000000000009
0x00007f8dbc70fcc8:   0000000000000001 00000000ac85cf78
0x00007f8dbc70fcd8:   0000000000000400 00007f8dbc70fd30
0x00007f8dbc70fce8:   00007f8db8075800 00000000fa48e10c
0x00007f8dbc70fcf8:   0000000000000001 00007f8db8075898
0x00007f8dbc70fd08:   00007f8dbe95e570 00007f8dbc70fd80
0x00007f8dbc70fd18:   00007f8dbe5f7f38 00007f8dbc970e1d
0x00007f8dbc70fd28:   00007f8db8075868 0000000000000000
0x00007f8dbc70fd38:   00007f8db8075868 00007f8dbc971000
0x00007f8dbc70fd48:   00007f8d6000c000 0000000000000201
0x00007f8dbc70fd58:   0000000000000000 00007f8d90092cf0
0x00007f8dbc70fd68:   00007f8dbe772400 00007f8db8075800
0x00007f8dbc70fd78:   00007f8dbea1cb18 00007f8dbc70fe00
0x00007f8dbc70fd88:   00007f8dbe5fbec2 00007f8db801f7e0
0x00007f8dbc70fd98:   00007f8db8020000 00007f8d90092cf0
0x00007f8dbc70fda8:   00007f8db8075800 00007f8dbc70fdd0
0x00007f8dbc70fdb8:   00007f8dbe54d22b 00007f8db801f760
0x00007f8dbc70fdc8:   00007f8db801f760 00007f8dbc70fe00
0x00007f8dbc70fdd8:   0000000000000001 00007f8d90092cf0
0x00007f8dbc70fde8:   00007f8dbe772400 00007f8db8020000
0x00007f8dbc70fdf8:   00007f8dbea1cb18 00007f8dbc70ff10
0x00007f8dbc70fe08:   00007f8dbe2bc272 00000000000003d8
0x00007f8dbc70fe18:   00007f8db8020908 00007f8db8020530
0x00007f8dbc70fe28:   00007f8dbc70fea0 00007f8db80204e0
0x00007f8dbc70fe38:   00007f8db8020520 00007f8dbc70fe50
0x00007f8dbc70fe48:   0000000000000000 0000000000000000
0x00007f8dbc70fe58:   00007f8db8021100 00007f8db8020000
0x00007f8dbc70fe68:   00007f8db8020910 00007f8db8020950
0x00007f8dbc70fe78:   00007f8db8020960 00007f8db8020a38
0x00007f8dbc70fe88:   00000000000000d8 00007f8db8020b70
0x00007f8dbc70fe98:   00007f8db80214e0 00007f8db8020000 

Instructions: (pc=0x00007f8dbeada1f1)
0x00007f8dbeada1d1:   49 80 0f 18 89 40 ff ff ff 0f 10 01 0f 10 49 f0
0x00007f8dbeada1e1:   0f 10 51 e0 0f 10 59 d0 48 83 e9 40 48 83 ea 40
0x00007f8dbeada1f1:   66 41 0f e7 01 66 41 0f e7 49 f0 66 41 0f e7 51
0x00007f8dbeada201:   e0 66 41 0f e7 59 d0 49 83 e9 40 48 83 fa 40 77 

Register to memory mapping:

RAX=0x00000000fcaa2070 is an oop
